\BOOKMARK [1][-]{section.1}{Introduction}{}% 1
\BOOKMARK [1][-]{section.2}{Preliminaries}{}% 2
\BOOKMARK [1][-]{section.3}{Variational Transfer Learning}{}% 3
\BOOKMARK [2][-]{subsection.3.1}{Algorithm}{section.3}% 4
\BOOKMARK [2][-]{subsection.3.2}{Gaussian Variational Transfer}{section.3}% 5
\BOOKMARK [2][-]{subsection.3.3}{Mixture of Gaussian Variational Transfer}{section.3}% 6
\BOOKMARK [2][-]{subsection.3.4}{Optimizing the TD error}{section.3}% 7
\BOOKMARK [1][-]{section.4}{Theoretical Analysis}{}% 8
\BOOKMARK [1][-]{section.5}{Experiments}{}% 9
\BOOKMARK [2][-]{subsection.5.1}{The Rooms Problem}{section.5}% 10
\BOOKMARK [2][-]{subsection.5.2}{Classic Control}{section.5}% 11
\BOOKMARK [2][-]{subsection.5.3}{Maze Navigation}{section.5}% 12
\BOOKMARK [1][-]{section.6}{Related Works}{}% 13
\BOOKMARK [1][-]{section.7}{Conclusion}{}% 14
\BOOKMARK [1][-]{appendix.A}{Proofs}{}% 15
\BOOKMARK [1][-]{appendix.B}{Additional Details on the Algorithms}{}% 16
\BOOKMARK [2][-]{subsection.B.1}{Gaussian Variational Transfer}{appendix.B}% 17
\BOOKMARK [2][-]{subsection.B.2}{Mixture of Gaussian Variational Transfer}{appendix.B}% 18
\BOOKMARK [1][-]{appendix.C}{Additional Details on the Experiments}{}% 19
\BOOKMARK [2][-]{subsection.C.1}{The Rooms Problem}{appendix.C}% 20
\BOOKMARK [2][-]{subsection.C.2}{Classic Control}{appendix.C}% 21
\BOOKMARK [2][-]{subsection.C.3}{Maze Navigation}{appendix.C}% 22
